<?xml version="1.0" encoding="UTF-8"?>
<!-- Generated by org.testng.reporters.JUnitReportReporter -->
<testsuite skipped="0" hostname="f45c899d4237" name="SeleniumCourseDay6WDCommands.SeleniumWebdriverCommands" tests="1" failures="0" timestamp="26 Sep 2017 03:11:29 GMT" time="14.570" errors="0">
  <testcase name="timeOutCommands" time="14.570" classname="SeleniumCourseDay6WDCommands.SeleniumWebdriverCommands"/>
</testsuite> <!-- SeleniumCourseDay6WDCommands.SeleniumWebdriverCommands -->
